
> angular2-quickstart@1.0.0 start /home/ubuntu/AngularPlayground/angular2
> tsc && concurrently "npm run tsc:w" "npm run lite" 

app/mock-heroes.ts(4,68): error TS2322: Type '{ id: number; firstName: string; lastName: string; doj: string; locationId: string; }[]' is not assignable to type 'Hero[]'.
  Type '{ id: number; firstName: string; lastName: string; doj: string; locationId: string; }' is not assignable to type 'Hero'.
    Object literal may only specify known properties, and 'locationId' does not exist in type 'Hero'.

npm ERR! Linux 4.4.0-64-generic
npm ERR! argv "/home/ubuntu/.nvm/versions/node/v7.0.0/bin/node" "/home/ubuntu/.nvm/versions/node/v7.0.0/bin/npm" "start"
npm ERR! node v7.0.0
npm ERR! npm  v3.10.8
npm ERR! code ELIFECYCLE
npm ERR! angular2-quickstart@1.0.0 start: `tsc && concurrently "npm run tsc:w" "npm run lite" `
npm ERR! Exit status 2
npm ERR! 
npm ERR! Failed at the angular2-quickstart@1.0.0 start script 'tsc && concurrently "npm run tsc:w" "npm run lite" '.
npm ERR! Make sure you have the latest version of node.js and npm installed.
npm ERR! If you do, this is most likely a problem with the angular2-quickstart package,
npm ERR! not with npm itself.
npm ERR! Tell the author that this fails on your system:
npm ERR!     tsc && concurrently "npm run tsc:w" "npm run lite" 
npm ERR! You can get information on how to open an issue for this project with:
npm ERR!     npm bugs angular2-quickstart
npm ERR! Or if that isn't available, you can get their info via:
npm ERR!     npm owner ls angular2-quickstart
npm ERR! There is likely additional logging output above.

npm ERR! Please include the following file with any support request:
npm ERR!     /home/ubuntu/AngularPlayground/angular2/npm-debug.log
