
> angular2-quickstart@1.0.0 start /home/ubuntu/AngularPlayground/angular2
> tsc && concurrently "npm run tsc:w" "npm run lite" 

[1] 
[1] > angular2-quickstart@1.0.0 lite /home/ubuntu/AngularPlayground/angular2
[1] > lite-server
[1] 
[0] 
[0] > angular2-quickstart@1.0.0 tsc:w /home/ubuntu/AngularPlayground/angular2
[0] > tsc -w
[0] 
[1] Did not detect a `bs-config.json` or `bs-config.js` override file. Using lite-server defaults...
[1] ** browser-sync config **
[1] { injectChanges: false,
[1]   files: [ './**/*.{html,htm,css,js}' ],
[1]   watchOptions: { ignored: 'node_modules' },
[1]   server: { baseDir: './', middleware: [ [Function], [Function] ] } }
[1] [BS] Access URLs:
[1]  -------------------------------------
[1]        Local: http://localhost:3000
[1]     External: http://172.31.30.68:3000
[1]  -------------------------------------
[1]           UI: http://localhost:3001
[1]  UI External: http://172.31.30.68:3001
[1]  -------------------------------------
[1] [BS] Serving files from: ./
[1] [BS] Watching files...
[1] [BS] Couldn't open browser (if you are using BrowserSync in a headless environment, you might want to set the open option to false)
[1] [BS] Reloading Browsers...
[1] [BS] Reloading Browsers...
[1] [BS] Reloading Browsers...
[1] [BS] Reloading Browsers...
[1] [BS] Reloading Browsers...
[1] [BS] Reloading Browsers...
[1] [BS] Reloading Browsers...
[1] [BS] Reloading Browsers...
[1] [BS] Reloading Browsers...
[1] [BS] Reloading Browsers...
[1] [BS] Reloading Browsers...
[1] [BS] Reloading Browsers...
[1] [BS] Reloading Browsers...
[1] [BS] Reloading Browsers...
[0] 4:58:03 PM - Compilation complete. Watching for file changes.
[1] [BS] Reloading Browsers...
[1] [BS] Reloading Browsers...
